<?xml version="1.0" encoding="UTF-8"?>
<!-- Generated by org.testng.reporters.JUnitReportReporter -->
<testsuite hostname="wsdesktop" failures="0" tests="2" name="kellytest.Bigbanner_test" time="8.358" errors="0" timestamp="2022-08-27T23:14:47 KST" skipped="0">
  <testcase classname="kellytest.Bigbanner_test" name="bigbanner_test_001" time="0.642"/>
  <system-out/>
  <testcase classname="kellytest.Bigbanner_test" name="bigbanner_test_002" time="7.716"/>
  <system-out/>
</testsuite> <!-- kellytest.Bigbanner_test -->
